<?xml version="1.0" encoding="UTF-8"?>
<testng-results skipped="0" failed="0" total="1" passed="1">
  <reporter-output>
  </reporter-output>
  <suite name="Example test run" duration-ms="323" started-at="2019-03-26T05:56:23Z" finished-at="2019-03-26T05:56:24Z">
    <groups>
    </groups>
    <test name="Simple Test" duration-ms="323" started-at="2019-03-26T05:56:23Z" finished-at="2019-03-26T05:56:24Z">
      <class name="test.NewTest">
        <test-method status="PASS" signature="f()[pri:0, instance:test.NewTest@6833ce2c]" name="f" duration-ms="162" started-at="2019-03-26T11:26:24Z" finished-at="2019-03-26T11:26:24Z">
          <reporter-output>
          </reporter-output>
        </test-method> <!-- f -->
      </class> <!-- test.NewTest -->
    </test> <!-- Simple Test -->
  </suite> <!-- Example test run -->
</testng-results>
